This is pdfTeX, Version 3.141592653-2.6-1.40.22 (TeX Live 2021) (preloaded format=pdflatex 2021.11.17)  13 OCT 2022 13:34
entering extended mode
 restricted \write18 enabled.
 %&-line parsing enabled.
**diff_geo_lecture5_parallel_transp_geod.tex
(./diff_geo_lecture5_parallel_transp_geod.tex
LaTeX2e <2020-10-01> patch level 4
L3 programming layer <2021-02-18>
(/usr/local/texlive/2021/texmf-dist/tex/latex/base/article.cls
Document Class: article 2020/04/10 v1.4m Standard LaTeX document class
(/usr/local/texlive/2021/texmf-dist/tex/latex/base/size11.clo
File: size11.clo 2020/04/10 v1.4m Standard LaTeX file (size option)
)
\c@part=\count179
\c@section=\count180
\c@subsection=\count181
\c@subsubsection=\count182
\c@paragraph=\count183
\c@subparagraph=\count184
\c@figure=\count185
\c@table=\count186
\abovecaptionskip=\skip47
\belowcaptionskip=\skip48
\bibindent=\dimen138
)
(/usr/local/texlive/2021/texmf-dist/tex/latex/psnfss/helvet.sty
Package: helvet 2020/03/25 PSNFSS-v9.3 (WaS) 

(/usr/local/texlive/2021/texmf-dist/tex/latex/graphics/keyval.sty
Package: keyval 2014/10/28 v1.15 key=value parser (DPC)
\KV@toks@=\toks15
))
(/usr/local/texlive/2021/texmf-dist/tex/latex/geometry/geometry.sty
Package: geometry 2020/01/02 v5.9 Page Geometry

(/usr/local/texlive/2021/texmf-dist/tex/generic/iftex/ifvtex.sty
Package: ifvtex 2019/10/25 v1.7 ifvtex legacy package. Use iftex instead.

(/usr/local/texlive/2021/texmf-dist/tex/generic/iftex/iftex.sty
Package: iftex 2020/03/06 v1.0d TeX engine tests
))
\Gm@cnth=\count187
\Gm@cntv=\count188
\c@Gm@tempcnt=\count189
\Gm@bindingoffset=\dimen139
\Gm@wd@mp=\dimen140
\Gm@odd@mp=\dimen141
\Gm@even@mp=\dimen142
\Gm@layoutwidth=\dimen143
\Gm@layoutheight=\dimen144
\Gm@layouthoffset=\dimen145
\Gm@layoutvoffset=\dimen146
\Gm@dimlist=\toks16
)
(/usr/local/texlive/2021/texmf-dist/tex/latex/parskip/parskip.sty
Package: parskip 2021-03-14 v2.0h non-zero parskip adjustments

(/usr/local/texlive/2021/texmf-dist/tex/latex/kvoptions/kvoptions.sty
Package: kvoptions 2020-10-07 v3.14 Key value format for package options (HO)

(/usr/local/texlive/2021/texmf-dist/tex/generic/ltxcmds/ltxcmds.sty
Package: ltxcmds 2020-05-10 v1.25 LaTeX kernel commands for general use (HO)
)
(/usr/local/texlive/2021/texmf-dist/tex/generic/kvsetkeys/kvsetkeys.sty
Package: kvsetkeys 2019/12/15 v1.18 Key value parser (HO)
))
(/usr/local/texlive/2021/texmf-dist/tex/latex/etoolbox/etoolbox.sty
Package: etoolbox 2020/10/05 v2.5k e-TeX tools for LaTeX (JAW)
\etb@tempcnta=\count190
))
(/usr/local/texlive/2021/texmf-dist/tex/latex/amsmath/amsmath.sty
Package: amsmath 2020/09/23 v2.17i AMS math features
\@mathmargin=\skip49

For additional information on amsmath, use the `?' option.
(/usr/local/texlive/2021/texmf-dist/tex/latex/amsmath/amstext.sty
Package: amstext 2000/06/29 v2.01 AMS text

(/usr/local/texlive/2021/texmf-dist/tex/latex/amsmath/amsgen.sty
File: amsgen.sty 1999/11/30 v2.0 generic functions
\@emptytoks=\toks17
\ex@=\dimen147
))
(/usr/local/texlive/2021/texmf-dist/tex/latex/amsmath/amsbsy.sty
Package: amsbsy 1999/11/29 v1.2d Bold Symbols
\pmbraise@=\dimen148
)
(/usr/local/texlive/2021/texmf-dist/tex/latex/amsmath/amsopn.sty
Package: amsopn 2016/03/08 v2.02 operator names
)
\inf@bad=\count191
LaTeX Info: Redefining \frac on input line 234.
\uproot@=\count192
\leftroot@=\count193
LaTeX Info: Redefining \overline on input line 399.
\classnum@=\count194
\DOTSCASE@=\count195
LaTeX Info: Redefining \ldots on input line 496.
LaTeX Info: Redefining \dots on input line 499.
LaTeX Info: Redefining \cdots on input line 620.
\Mathstrutbox@=\box47
\strutbox@=\box48
\big@size=\dimen149
LaTeX Font Info:    Redeclaring font encoding OML on input line 743.
LaTeX Font Info:    Redeclaring font encoding OMS on input line 744.
\macc@depth=\count196
\c@MaxMatrixCols=\count197
\dotsspace@=\muskip16
\c@parentequation=\count198
\dspbrk@lvl=\count199
\tag@help=\toks18
\row@=\count266
\column@=\count267
\maxfields@=\count268
\andhelp@=\toks19
\eqnshift@=\dimen150
\alignsep@=\dimen151
\tagshift@=\dimen152
\tagwidth@=\dimen153
\totwidth@=\dimen154
\lineht@=\dimen155
\@envbody=\toks20
\multlinegap=\skip50
\multlinetaggap=\skip51
\mathdisplay@stack=\toks21
LaTeX Info: Redefining \[ on input line 2923.
LaTeX Info: Redefining \] on input line 2924.
)
(/usr/local/texlive/2021/texmf-dist/tex/latex/amsfonts/amssymb.sty
Package: amssymb 2013/01/14 v3.01 AMS font symbols

(/usr/local/texlive/2021/texmf-dist/tex/latex/amsfonts/amsfonts.sty
Package: amsfonts 2013/01/14 v3.01 Basic AMSFonts support
\symAMSa=\mathgroup4
\symAMSb=\mathgroup5
LaTeX Font Info:    Redeclaring math symbol \hbar on input line 98.
LaTeX Font Info:    Overwriting math alphabet `\mathfrak' in version `bold'
(Font)                  U/euf/m/n --> U/euf/b/n on input line 106.
))
(/usr/local/texlive/2021/texmf-dist/tex/latex/jknapltx/mathrsfs.sty
Package: mathrsfs 1996/01/01 Math RSFS package v1.0 (jk)
\symrsfs=\mathgroup6
)
(/usr/local/texlive/2021/texmf-dist/tex/latex/doublestroke/dsfont.sty
Package: dsfont 1995/08/01 v0.1 Double stroke roman fonts
)
(/usr/local/texlive/2021/texmf-dist/tex/latex/tools/tabularx.sty
Package: tabularx 2020/01/15 v2.11c `tabularx' package (DPC)

(/usr/local/texlive/2021/texmf-dist/tex/latex/tools/array.sty
Package: array 2020/10/01 v2.5c Tabular extension package (FMi)
\col@sep=\dimen156
\ar@mcellbox=\box49
\extrarowheight=\dimen157
\NC@list=\toks22
\extratabsurround=\skip52
\backup@length=\skip53
\ar@cellbox=\box50
)
\TX@col@width=\dimen158
\TX@old@table=\dimen159
\TX@old@col=\dimen160
\TX@target=\dimen161
\TX@delta=\dimen162
\TX@cols=\count269
\TX@ftn=\toks23
)
(/usr/local/texlive/2021/texmf-dist/tex/latex/caption/caption.sty
Package: caption 2020/10/26 v3.5g Customizing captions (AR)

(/usr/local/texlive/2021/texmf-dist/tex/latex/caption/caption3.sty
Package: caption3 2020/10/21 v2.2e caption3 kernel (AR)
\captionmargin=\dimen163
\captionmargin@=\dimen164
\captionwidth=\dimen165
\caption@tempdima=\dimen166
\caption@indent=\dimen167
\caption@parindent=\dimen168
\caption@hangindent=\dimen169
Package caption Info: Standard document class detected.
)
\c@caption@flags=\count270
\c@continuedfloat=\count271
)
(/usr/local/texlive/2021/texmf-dist/tex/latex/graphics/graphicx.sty
Package: graphicx 2020/09/09 v1.2b Enhanced LaTeX Graphics (DPC,SPQR)

(/usr/local/texlive/2021/texmf-dist/tex/latex/graphics/graphics.sty
Package: graphics 2020/08/30 v1.4c Standard LaTeX Graphics (DPC,SPQR)

(/usr/local/texlive/2021/texmf-dist/tex/latex/graphics/trig.sty
Package: trig 2016/01/03 v1.10 sin cos tan (DPC)
)
(/usr/local/texlive/2021/texmf-dist/tex/latex/graphics-cfg/graphics.cfg
File: graphics.cfg 2016/06/04 v1.11 sample graphics configuration
)
Package graphics Info: Driver file: pdftex.def on input line 105.

(/usr/local/texlive/2021/texmf-dist/tex/latex/graphics-def/pdftex.def
File: pdftex.def 2020/10/05 v1.2a Graphics/color driver for pdftex
))
\Gin@req@height=\dimen170
\Gin@req@width=\dimen171
)
(/usr/local/texlive/2021/texmf-dist/tex/latex/xcolor/xcolor.sty
Package: xcolor 2016/05/11 v2.12 LaTeX color extensions (UK)

(/usr/local/texlive/2021/texmf-dist/tex/latex/graphics-cfg/color.cfg
File: color.cfg 2016/01/02 v1.6 sample color configuration
)
Package xcolor Info: Driver file: pdftex.def on input line 225.
Package xcolor Info: Model `cmy' substituted by `cmy0' on input line 1348.
Package xcolor Info: Model `hsb' substituted by `rgb' on input line 1352.
Package xcolor Info: Model `RGB' extended on input line 1364.
Package xcolor Info: Model `HTML' substituted by `rgb' on input line 1366.
Package xcolor Info: Model `Hsb' substituted by `hsb' on input line 1367.
Package xcolor Info: Model `tHsb' substituted by `hsb' on input line 1368.
Package xcolor Info: Model `HSB' substituted by `hsb' on input line 1369.
Package xcolor Info: Model `Gray' substituted by `gray' on input line 1370.
Package xcolor Info: Model `wave' substituted by `hsb' on input line 1371.
)
(/usr/local/texlive/2021/texmf-dist/tex/latex/natbib/natbib.sty
Package: natbib 2010/09/13 8.31b (PWD, AO)
\bibhang=\skip54
\bibsep=\skip55
LaTeX Info: Redefining \cite on input line 694.
\c@NAT@ctr=\count272
)
(../../Tianpei_Report.sty
\c@theorem=\count273
)
(/usr/local/texlive/2021/texmf-dist/tex/latex/l3backend/l3backend-pdftex.def
File: l3backend-pdftex.def 2021-03-18 L3 backend support: PDF output (pdfTeX)
\l__color_backend_stack_int=\count274
\l__pdf_internal_box=\box51
)
(./diff_geo_lecture5_parallel_transp_geod.aux)
\openout1 = `diff_geo_lecture5_parallel_transp_geod.aux'.

LaTeX Font Info:    Checking defaults for OML/cmm/m/it on input line 25.
LaTeX Font Info:    ... okay on input line 25.
LaTeX Font Info:    Checking defaults for OMS/cmsy/m/n on input line 25.
LaTeX Font Info:    ... okay on input line 25.
LaTeX Font Info:    Checking defaults for OT1/cmr/m/n on input line 25.
LaTeX Font Info:    ... okay on input line 25.
LaTeX Font Info:    Checking defaults for T1/cmr/m/n on input line 25.
LaTeX Font Info:    ... okay on input line 25.
LaTeX Font Info:    Checking defaults for TS1/cmr/m/n on input line 25.
LaTeX Font Info:    ... okay on input line 25.
LaTeX Font Info:    Checking defaults for OMX/cmex/m/n on input line 25.
LaTeX Font Info:    ... okay on input line 25.
LaTeX Font Info:    Checking defaults for U/cmr/m/n on input line 25.
LaTeX Font Info:    ... okay on input line 25.

*geometry* driver: auto-detecting
*geometry* detected driver: pdftex
*geometry* verbose mode - [ preamble ] result:
* driver: pdftex
* paper: letterpaper
* layout: <same size as paper>
* layoutoffset:(h,v)=(0.0pt,0.0pt)
* modes: 
* h-part:(L,W,R)=(72.26999pt, 469.75502pt, 72.26999pt)
* v-part:(T,H,B)=(72.26999pt, 650.43001pt, 72.26999pt)
* \paperwidth=614.295pt
* \paperheight=794.96999pt
* \textwidth=469.75502pt
* \textheight=650.43001pt
* \oddsidemargin=0.0pt
* \evensidemargin=0.0pt
* \topmargin=-37.0pt
* \headheight=12.0pt
* \headsep=25.0pt
* \topskip=11.0pt
* \footskip=30.0pt
* \marginparwidth=59.0pt
* \marginparsep=10.0pt
* \columnsep=10.0pt
* \skip\footins=10.0pt plus 4.0pt minus 2.0pt
* \hoffset=0.0pt
* \voffset=0.0pt
* \mag=1000
* \@twocolumnfalse
* \@twosidefalse
* \@mparswitchfalse
* \@reversemarginfalse
* (1in=72.27pt=25.4mm, 1cm=28.453pt)

Package caption Info: Begin \AtBeginDocument code.
Package caption Info: End \AtBeginDocument code.
(/usr/local/texlive/2021/texmf-dist/tex/context/base/mkii/supp-pdf.mkii
[Loading MPS to PDF converter (version 2006.09.02).]
\scratchcounter=\count275
\scratchdimen=\dimen172
\scratchbox=\box52
\nofMPsegments=\count276
\nofMParguments=\count277
\everyMPshowfont=\toks24
\MPscratchCnt=\count278
\MPscratchDim=\dimen173
\MPnumerator=\count279
\makeMPintoPDFobject=\count280
\everyMPtoPDFconversion=\toks25
) (/usr/local/texlive/2021/texmf-dist/tex/latex/epstopdf-pkg/epstopdf-base.sty
Package: epstopdf-base 2020-01-24 v2.11 Base part for package epstopdf
Package epstopdf-base Info: Redefining graphics rule for `.eps' on input line 4
85.

(/usr/local/texlive/2021/texmf-dist/tex/latex/latexconfig/epstopdf-sys.cfg
File: epstopdf-sys.cfg 2010/07/13 v1.3 Configuration of (r)epstopdf for TeX Liv
e
))
LaTeX Font Info:    Trying to load font information for U+msa on input line 29.


(/usr/local/texlive/2021/texmf-dist/tex/latex/amsfonts/umsa.fd
File: umsa.fd 2013/01/14 v3.01 AMS symbols A
)
LaTeX Font Info:    Trying to load font information for U+msb on input line 29.


(/usr/local/texlive/2021/texmf-dist/tex/latex/amsfonts/umsb.fd
File: umsb.fd 2013/01/14 v3.01 AMS symbols B
)
LaTeX Font Info:    Trying to load font information for U+rsfs on input line 29
.

(/usr/local/texlive/2021/texmf-dist/tex/latex/jknapltx/ursfs.fd
File: ursfs.fd 1998/03/24 rsfs font definition file (jk)
)
(./diff_geo_lecture5_parallel_transp_geod.toc)
\tf@toc=\write3
\openout3 = `diff_geo_lecture5_parallel_transp_geod.toc'.

 [1

{/usr/local/texlive/2021/texmf-var/fonts/map/pdftex/updmap/pdftex.map}]
<cov_deriv.png, id=11, 668.4975pt x 447.6725pt>
File: cov_deriv.png Graphic file (type png)
<use cov_deriv.png>
Package pdftex.def Info: cov_deriv.png  used on input line 44.
(pdftex.def)             Requested size: 287.44832pt x 192.49542pt.
 [2 <./cov_deriv.png>] [3]
<cov_deriv_comp.png, id=36, 637.38126pt x 358.33875pt>
File: cov_deriv_comp.png Graphic file (type png)
<use cov_deriv_comp.png>
Package pdftex.def Info: cov_deriv_comp.png  used on input line 116.
(pdftex.def)             Requested size: 274.06859pt x 154.08266pt.
 [4 <./cov_deriv_comp.png>]
<para_transp0.png, id=42, 367.3725pt x 325.215pt>
File: para_transp0.png Graphic file (type png)
<use para_transp0.png>
Package pdftex.def Info: para_transp0.png  used on input line 187.
(pdftex.def)             Requested size: 157.96709pt x 139.83972pt.
 [5]
<para_transp.png, id=46, 383.4325pt x 478.78876pt>
File: para_transp.png Graphic file (type png)
<use para_transp.png>
Package pdftex.def Info: para_transp.png  used on input line 230.
(pdftex.def)             Requested size: 164.87276pt x 205.87515pt.
 [6 <./para_transp0.png>]
<para_transp3.png, id=53, 552.0625pt x 641.39626pt>
File: para_transp3.png Graphic file (type png)
<use para_transp3.png>
Package pdftex.def Info: para_transp3.png  used on input line 257.
(pdftex.def)             Requested size: 237.38223pt x 275.79501pt.

Underfull \vbox (badness 10000) has occurred while \output is active []

 [7 <./para_transp.png>]
<geodesic_cyliner.png, id=59, 709.65125pt x 251.94125pt>
File: geodesic_cyliner.png Graphic file (type png)
<use geodesic_cyliner.png>
Package pdftex.def Info: geodesic_cyliner.png  used on input line 291.
(pdftex.def)             Requested size: 425.79402pt x 151.16591pt.
 [8 <./para_transp3.png>]
<geo_curv.png, id=64, 501.875pt x 468.75125pt>
File: geo_curv.png Graphic file (type png)
<use geo_curv.png>
Package pdftex.def Info: geo_curv.png  used on input line 321.
(pdftex.def)             Requested size: 215.80203pt x 201.5591pt.
 [9 <./geodesic_cyliner.png> <./geo_curv.png>]
<Parallel_Transport.png, id=70, 441.65pt x 493.845pt>
File: Parallel_Transport.png Graphic file (type png)
<use Parallel_Transport.png>
Package pdftex.def Info: Parallel_Transport.png  used on input line 344.
(pdftex.def)             Requested size: 132.49602pt x 148.15463pt.
 [10 <./Parallel_Transport.png>] [11] [12] [13]
Overfull \hbox (2.19804pt too wide) in paragraph at lines 518--520
\OT1/cmr/m/n/10.95 Note that $^^@[]\OML/cmm/m/it/10.95 ;  i; j; k \OT1/cmr/m/n/
10.95 = 1\OML/cmm/m/it/10.95 ; [] ; n$ \OT1/cmr/m/n/10.95 are func-tions of in-
trin-sic co-or-di-nate func-tions $(\OML/cmm/m/it/10.95 ^^X[]\OT1/cmr/m/n/10.95
 (\OML/cmm/m/it/10.95 t\OT1/cmr/m/n/10.95 )\OML/cmm/m/it/10.95 ; [] ; ^^X[]\OT1
/cmr/m/n/10.95 (\OML/cmm/m/it/10.95 t\OT1/cmr/m/n/10.95 ))\OML/cmm/m/it/10.95 :
$ 
 []


Overfull \hbox (26.90552pt too wide) in paragraph at lines 527--529
[]\OT1/cmr/m/it/10.95 (\OT1/cmr/bx/it/10.95 The de-pen-dence of the geodesic on
 its ini-tial con-di-tions\OT1/cmr/m/it/10.95 ) [do Carmo Valero,
 []


Overfull \hbox (11.41608pt too wide) in paragraph at lines 539--540
\OT1/cmr/bx/it/10.95 tional \OT1/cmr/m/n/10.95 is de-fined us-ing the \OT1/cmr/
bx/it/10.95 En-ergy func-tional \OT1/cmr/m/n/10.95 (see ex-er-cise), $\OML/cmm/
m/it/10.95 S\OT1/cmr/m/n/10.95 (\OML/cmm/m/it/10.95 ^^X[]; [] ; ^^X[]\OT1/cmr/m
/n/10.95 ) = [][] \OML/cmm/m/it/10.95 L [] dt$
 []

[14] [15]
Overfull \hbox (1.14369pt too wide) in paragraph at lines 600--601
[]\OT1/cmr/m/n/10.95 Intuitively, as the geodesic move on the sur-face with \OT
1/cmr/bx/it/10.95 con-stant speed\OT1/cmr/m/n/10.95 , it fol-lows that $\OML/cm
m/m/it/10.95 ^^M\OT1/cmr/m/n/10.95 (\OML/cmm/m/it/10.95 t; ^^U[]\OT1/cmr/m/n/10
.95 ) =
 []

<exp_map.png, id=91, 482.80376pt x 302.12875pt>
File: exp_map.png Graphic file (type png)
<use exp_map.png>
Package pdftex.def Info: exp_map.png  used on input line 613.
(pdftex.def)             Requested size: 207.60156pt x 129.91283pt.
[16 <./exp_map.png>]
<geo_polar_coord.png, id=96, 584.1825pt x 596.2275pt>
File: geo_polar_coord.png Graphic file (type png)
<use geo_polar_coord.png>
Package pdftex.def Info: geo_polar_coord.png  used on input line 651.
(pdftex.def)             Requested size: 251.19357pt x 256.37282pt.
 [17 <./geo_polar_coord.png>] [18]
<arc_length_geodesic.png, id=104, 632.3625pt x 234.8775pt>
File: arc_length_geodesic.png Graphic file (type png)
<use arc_length_geodesic.png>
Package pdftex.def Info: arc_length_geodesic.png  used on input line 744.
(pdftex.def)             Requested size: 271.91057pt x 100.99535pt.
<arc_length_geodesic2.png, id=105, 293.095pt x 416.55624pt>
File: arc_length_geodesic2.png Graphic file (type png)
<use arc_length_geodesic2.png>
Package pdftex.def Info: arc_length_geodesic2.png  used on input line 747.
(pdftex.def)             Requested size: 126.02838pt x 179.11569pt.
 [19] [20 <./arc_length_geodesic.png> <./arc_length_geodesic2.png>] [21] [22]
Overfull \hbox (6.79143pt too wide) in paragraph at lines 857--858
[]\OT1/cmr/m/n/10.95 Let $\U/msb/m/n/10.95 S[] \OT1/cmr/m/n/10.95 = []$ be the 
unit sphere, $\U/msb/m/n/10.95 S[] \OT1/cmr/m/n/10.95 = []$
 []

[23] [24] [25] (./diff_geo_lecture5_parallel_transp_geod.bbl) [26]
(./diff_geo_lecture5_parallel_transp_geod.aux) ) 
Here is how much of TeX's memory you used:
 6066 strings out of 478994
 89159 string characters out of 5858183
 407744 words of memory out of 5000000
 23443 multiletter control sequences out of 15000+600000
 418342 words of font info for 82 fonts, out of 8000000 for 9000
 1141 hyphenation exceptions out of 8191
 68i,16n,74p,845b,519s stack positions out of 5000i,500n,10000p,200000b,80000s
{/usr/local/texlive/2021/texmf-
dist/fonts/enc/dvips/cm-super/cm-super-ts1.enc}</usr/local/texlive/2021/texmf-d
ist/fonts/type1/public/amsfonts/cm/cmbx10.pfb></usr/local/texlive/2021/texmf-di
st/fonts/type1/public/amsfonts/cm/cmbx12.pfb></usr/local/texlive/2021/texmf-dis
t/fonts/type1/public/amsfonts/cm/cmbx8.pfb></usr/local/texlive/2021/texmf-dist/
fonts/type1/public/amsfonts/cm/cmbx9.pfb></usr/local/texlive/2021/texmf-dist/fo
nts/type1/public/amsfonts/cm/cmbxti10.pfb></usr/local/texlive/2021/texmf-dist/f
onts/type1/public/amsfonts/cm/cmex10.pfb></usr/local/texlive/2021/texmf-dist/fo
nts/type1/public/amsfonts/cm/cmmi10.pfb></usr/local/texlive/2021/texmf-dist/fon
ts/type1/public/amsfonts/cm/cmmi6.pfb></usr/local/texlive/2021/texmf-dist/fonts
/type1/public/amsfonts/cm/cmmi8.pfb></usr/local/texlive/2021/texmf-dist/fonts/t
ype1/public/amsfonts/cm/cmmib10.pfb></usr/local/texlive/2021/texmf-dist/fonts/t
ype1/public/amsfonts/cmextra/cmmib6.pfb></usr/local/texlive/2021/texmf-dist/fon
ts/type1/public/amsfonts/cmextra/cmmib8.pfb></usr/local/texlive/2021/texmf-dist
/fonts/type1/public/amsfonts/cm/cmr10.pfb></usr/local/texlive/2021/texmf-dist/f
onts/type1/public/amsfonts/cm/cmr12.pfb></usr/local/texlive/2021/texmf-dist/fon
ts/type1/public/amsfonts/cm/cmr17.pfb></usr/local/texlive/2021/texmf-dist/fonts
/type1/public/amsfonts/cm/cmr6.pfb></usr/local/texlive/2021/texmf-dist/fonts/ty
pe1/public/amsfonts/cm/cmr8.pfb></usr/local/texlive/2021/texmf-dist/fonts/type1
/public/amsfonts/cm/cmsy10.pfb></usr/local/texlive/2021/texmf-dist/fonts/type1/
public/amsfonts/cm/cmsy6.pfb></usr/local/texlive/2021/texmf-dist/fonts/type1/pu
blic/amsfonts/cm/cmsy8.pfb></usr/local/texlive/2021/texmf-dist/fonts/type1/publ
ic/amsfonts/cm/cmti10.pfb></usr/local/texlive/2021/texmf-dist/fonts/type1/publi
c/amsfonts/symbols/msam10.pfb></usr/local/texlive/2021/texmf-dist/fonts/type1/p
ublic/amsfonts/symbols/msbm10.pfb></usr/local/texlive/2021/texmf-dist/fonts/typ
e1/public/cm-super/sfrm1095.pfb>
Output written on diff_geo_lecture5_parallel_transp_geod.pdf (26 pages, 661389 
bytes).
PDF statistics:
 211 PDF objects out of 1000 (max. 8388607)
 133 compressed objects within 2 object streams
 0 named destinations out of 1000 (max. 500000)
 61 words of extra memory for PDF output out of 10000 (max. 10000000)

